[W socket.cpp:464] [c10d] The server socket cannot be initialized on [::]:29500 (errno: 97 - Address family not supported by protocol).
[W socket.cpp:464] [c10d] The server socket cannot be initialized on [::]:29500 (errno: 97 - Address family not supported by protocol).
[W socket.cpp:464] [c10d] The server socket cannot be initialized on [::]:29500 (errno: 97 - Address family not supported by protocol).
[W socket.cpp:464] [c10d] The server socket cannot be initialized on [::]:29500 (errno: 97 - Address family not supported by protocol).
[W socket.cpp:464] [c10d] The server socket has failed to bind to 0.0.0.0:29500 (errno: 98 - Address already in use).
[E socket.cpp:500] [c10d] The server socket has failed to listen on any local network address.
[W socket.cpp:464] [c10d] The server socket has failed to bind to 0.0.0.0:29500 (errno: 98 - Address already in use).
[E socket.cpp:500] [c10d] The server socket has failed to listen on any local network address.
[W socket.cpp:464] [c10d] The server socket has failed to bind to 0.0.0.0:29500 (errno: 98 - Address already in use).
[E socket.cpp:500] [c10d] The server socket has failed to listen on any local network address.
[W socket.cpp:697] [c10d] The client socket cannot be initialized to connect to [localhost]:29500 (errno: 97 - Address family not supported by protocol).
Traceback (most recent call last):
  File "/n/home07/bham/.local/bin/torchrun", line 8, in <module>
Traceback (most recent call last):
  File "/n/home07/bham/.local/bin/torchrun", line 8, in <module>
Traceback (most recent call last):
  File "/n/home07/bham/.local/bin/torchrun", line 8, in <module>
    sys.exit(main())
  File "/n/home07/bham/.local/lib/python3.10/site-packages/torch/distributed/elastic/multiprocessing/errors/__init__.py", line 347, in wrapper
    sys.exit(main())
  File "/n/home07/bham/.local/lib/python3.10/site-packages/torch/distributed/elastic/multiprocessing/errors/__init__.py", line 347, in wrapper
    sys.exit(main())
  File "/n/home07/bham/.local/lib/python3.10/site-packages/torch/distributed/elastic/multiprocessing/errors/__init__.py", line 347, in wrapper
    return f(*args, **kwargs)
  File "/n/home07/bham/.local/lib/python3.10/site-packages/torch/distributed/run.py", line 879, in main
    return f(*args, **kwargs)
  File "/n/home07/bham/.local/lib/python3.10/site-packages/torch/distributed/run.py", line 879, in main
    return f(*args, **kwargs)
  File "/n/home07/bham/.local/lib/python3.10/site-packages/torch/distributed/run.py", line 879, in main
    run(args)
  File "/n/home07/bham/.local/lib/python3.10/site-packages/torch/distributed/run.py", line 870, in run
    run(args)
  File "/n/home07/bham/.local/lib/python3.10/site-packages/torch/distributed/run.py", line 870, in run
    run(args)
  File "/n/home07/bham/.local/lib/python3.10/site-packages/torch/distributed/run.py", line 870, in run
    elastic_launch(
  File "/n/home07/bham/.local/lib/python3.10/site-packages/torch/distributed/launcher/api.py", line 132, in __call__
    elastic_launch(
  File "/n/home07/bham/.local/lib/python3.10/site-packages/torch/distributed/launcher/api.py", line 132, in __call__
    elastic_launch(
  File "/n/home07/bham/.local/lib/python3.10/site-packages/torch/distributed/launcher/api.py", line 132, in __call__
    return launch_agent(self._config, self._entrypoint, list(args))
  File "/n/home07/bham/.local/lib/python3.10/site-packages/torch/distributed/launcher/api.py", line 254, in launch_agent
    return launch_agent(self._config, self._entrypoint, list(args))
  File "/n/home07/bham/.local/lib/python3.10/site-packages/torch/distributed/launcher/api.py", line 254, in launch_agent
    return launch_agent(self._config, self._entrypoint, list(args))
  File "/n/home07/bham/.local/lib/python3.10/site-packages/torch/distributed/launcher/api.py", line 254, in launch_agent
    result = agent.run()
  File "/n/home07/bham/.local/lib/python3.10/site-packages/torch/distributed/elastic/metrics/api.py", line 123, in wrapper
    result = agent.run()
  File "/n/home07/bham/.local/lib/python3.10/site-packages/torch/distributed/elastic/metrics/api.py", line 123, in wrapper
    result = agent.run()
  File "/n/home07/bham/.local/lib/python3.10/site-packages/torch/distributed/elastic/metrics/api.py", line 123, in wrapper
    result = f(*args, **kwargs)
  File "/n/home07/bham/.local/lib/python3.10/site-packages/torch/distributed/elastic/agent/server/api.py", line 733, in run
    result = f(*args, **kwargs)
  File "/n/home07/bham/.local/lib/python3.10/site-packages/torch/distributed/elastic/agent/server/api.py", line 733, in run
    result = f(*args, **kwargs)
  File "/n/home07/bham/.local/lib/python3.10/site-packages/torch/distributed/elastic/agent/server/api.py", line 733, in run
    result = self._invoke_run(role)
  File "/n/home07/bham/.local/lib/python3.10/site-packages/torch/distributed/elastic/agent/server/api.py", line 870, in _invoke_run
    result = self._invoke_run(role)
  File "/n/home07/bham/.local/lib/python3.10/site-packages/torch/distributed/elastic/agent/server/api.py", line 870, in _invoke_run
    result = self._invoke_run(role)
  File "/n/home07/bham/.local/lib/python3.10/site-packages/torch/distributed/elastic/agent/server/api.py", line 870, in _invoke_run
    self._initialize_workers(self._worker_group)
  File "/n/home07/bham/.local/lib/python3.10/site-packages/torch/distributed/elastic/metrics/api.py", line 123, in wrapper
    self._initialize_workers(self._worker_group)
  File "/n/home07/bham/.local/lib/python3.10/site-packages/torch/distributed/elastic/metrics/api.py", line 123, in wrapper
    self._initialize_workers(self._worker_group)
  File "/n/home07/bham/.local/lib/python3.10/site-packages/torch/distributed/elastic/metrics/api.py", line 123, in wrapper
    result = f(*args, **kwargs)
  File "/n/home07/bham/.local/lib/python3.10/site-packages/torch/distributed/elastic/agent/server/api.py", line 705, in _initialize_workers
    result = f(*args, **kwargs)
  File "/n/home07/bham/.local/lib/python3.10/site-packages/torch/distributed/elastic/agent/server/api.py", line 705, in _initialize_workers
    result = f(*args, **kwargs)
  File "/n/home07/bham/.local/lib/python3.10/site-packages/torch/distributed/elastic/agent/server/api.py", line 705, in _initialize_workers
    self._rendezvous(worker_group)
  File "/n/home07/bham/.local/lib/python3.10/site-packages/torch/distributed/elastic/metrics/api.py", line 123, in wrapper
    self._rendezvous(worker_group)
  File "/n/home07/bham/.local/lib/python3.10/site-packages/torch/distributed/elastic/metrics/api.py", line 123, in wrapper
    self._rendezvous(worker_group)
  File "/n/home07/bham/.local/lib/python3.10/site-packages/torch/distributed/elastic/metrics/api.py", line 123, in wrapper
    result = f(*args, **kwargs)
  File "/n/home07/bham/.local/lib/python3.10/site-packages/torch/distributed/elastic/agent/server/api.py", line 548, in _rendezvous
    result = f(*args, **kwargs)
  File "/n/home07/bham/.local/lib/python3.10/site-packages/torch/distributed/elastic/agent/server/api.py", line 548, in _rendezvous
    result = f(*args, **kwargs)
  File "/n/home07/bham/.local/lib/python3.10/site-packages/torch/distributed/elastic/agent/server/api.py", line 548, in _rendezvous
    store, group_rank, group_world_size = spec.rdzv_handler.next_rendezvous()
  File "/n/home07/bham/.local/lib/python3.10/site-packages/torch/distributed/elastic/rendezvous/static_tcp_rendezvous.py", line 55, in next_rendezvous
    store, group_rank, group_world_size = spec.rdzv_handler.next_rendezvous()
  File "/n/home07/bham/.local/lib/python3.10/site-packages/torch/distributed/elastic/rendezvous/static_tcp_rendezvous.py", line 55, in next_rendezvous
    store, group_rank, group_world_size = spec.rdzv_handler.next_rendezvous()
  File "/n/home07/bham/.local/lib/python3.10/site-packages/torch/distributed/elastic/rendezvous/static_tcp_rendezvous.py", line 55, in next_rendezvous
    self._store = TCPStore(  # type: ignore[call-arg]
torch.distributed.DistNetworkError: The server socket has failed to listen on any local network address. The server socket cannot be initialized on [::]:29500 (errno: 97 - Address family not supported by protocol). The server socket has failed to bind to 0.0.0.0:29500 (errno: 98 - Address already in use).
    self._store = TCPStore(  # type: ignore[call-arg]
torch.distributed.DistNetworkError: The server socket has failed to listen on any local network address. The server socket cannot be initialized on [::]:29500 (errno: 97 - Address family not supported by protocol). The server socket has failed to bind to 0.0.0.0:29500 (errno: 98 - Address already in use).
    self._store = TCPStore(  # type: ignore[call-arg]
torch.distributed.DistNetworkError: The server socket has failed to listen on any local network address. The server socket cannot be initialized on [::]:29500 (errno: 97 - Address family not supported by protocol). The server socket has failed to bind to 0.0.0.0:29500 (errno: 98 - Address already in use).
srun: error: holygpu8a15603: tasks 1-3: Exited with exit code 1
[W socket.cpp:697] [c10d] The client socket cannot be initialized to connect to [localhost]:29500 (errno: 97 - Address family not supported by protocol).
[W socket.cpp:697] [c10d] The client socket cannot be initialized to connect to [localhost]:29500 (errno: 97 - Address family not supported by protocol).
[W socket.cpp:697] [c10d] The client socket cannot be initialized to connect to [localhost]:29500 (errno: 97 - Address family not supported by protocol).
[W socket.cpp:697] [c10d] The client socket cannot be initialized to connect to [localhost]:29500 (errno: 97 - Address family not supported by protocol).
wandb: Currently logged in as: hamshoe. Use `wandb login --relogin` to force relogin
wandb: wandb version 0.19.1 is available!  To upgrade, please run:
wandb:  $ pip install wandb --upgrade
wandb: Tracking run with wandb version 0.16.3
wandb: Run data is saved locally in /n/netscratch/sham_lab/Everyone/bham/mid_olmo/ckpts/repeated/wandb/wandb/run-20241216_151126-s6ihy9uf
wandb: Run `wandb offline` to turn off syncing.
wandb: Syncing run webv1-1BParam-100prompts-21B_pt
wandb: ⭐️ View project at https://wandb.ai/hamshoe/mid-olmo
wandb: 🚀 View run at https://wandb.ai/hamshoe/mid-olmo/runs/s6ihy9uf
wandb: WARNING No program path found, not creating job artifact. See https://docs.wandb.ai/guides/launch/create-job
wandb: - 0.011 MB of 0.011 MB uploadedwandb: \ 0.011 MB of 9.135 MB uploadedwandb: | 0.011 MB of 9.135 MB uploadedwandb: / 9.216 MB of 9.216 MB uploadedwandb:                                                                                
wandb: 🚀 View run webv1-1BParam-100prompts-21B_pt at: https://wandb.ai/hamshoe/mid-olmo/runs/s6ihy9uf
wandb: Synced 6 W&B file(s), 0 media file(s), 0 artifact file(s) and 0 other file(s)
